[2015-02-09 19:03:03] production.ERROR: exception 'Symfony\Component\HttpKernel\Exception\NotFoundHttpException' in /www/gabblr/api/vendor/laravel/framework/src/Illuminate/Routing/RouteCollection.php:148
Stack trace:
#0 /www/gabblr/api/vendor/laravel/framework/src/Illuminate/Routing/Router.php(1049): Illuminate\Routing\RouteCollection->match(Object(Illuminate\Http\Request))
#1 /www/gabblr/api/vendor/laravel/framework/src/Illuminate/Routing/Router.php(1017): Illuminate\Routing\Router->findRoute(Object(Illuminate\Http\Request))
#2 /www/gabblr/api/vendor/laravel/framework/src/Illuminate/Routing/Router.php(996): Illuminate\Routing\Router->dispatchToRoute(Object(Illuminate\Http\Request))
#3 /www/gabblr/api/vendor/laravel/framework/src/Illuminate/Foundation/Application.php(775): Illuminate\Routing\Router->dispatch(Object(Illuminate\Http\Request))
#4 /www/gabblr/api/vendor/laravel/framework/src/Illuminate/Foundation/Application.php(745): Illuminate\Foundation\Application->dispatch(Object(Illuminate\Http\Request))
#5 /www/gabblr/api/vendor/laravel/framework/src/Illuminate/Session/Middleware.php(72): Illuminate\Foundation\Application->handle(Object(Illuminate\Http\Request), 1, true)
#6 /www/gabblr/api/vendor/laravel/framework/src/Illuminate/Cookie/Queue.php(47): Illuminate\Session\Middleware->handle(Object(Illuminate\Http\Request), 1, true)
#7 /www/gabblr/api/vendor/laravel/framework/src/Illuminate/Cookie/Guard.php(51): Illuminate\Cookie\Queue->handle(Object(Illuminate\Http\Request), 1, true)
#8 /www/gabblr/api/vendor/stack/builder/src/Stack/StackedHttpKernel.php(23): Illuminate\Cookie\Guard->handle(Object(Illuminate\Http\Request), 1, true)
#9 /www/gabblr/api/vendor/laravel/framework/src/Illuminate/Foundation/Application.php(641): Stack\StackedHttpKernel->handle(Object(Illuminate\Http\Request))
#10 /www/gabblr/api/public/index.php(49): Illuminate\Foundation\Application->run()
#11 /www/gabblr/api/server.php(19): require_once('/www/gabblr/api...')
#12 {main} [] []
[2015-02-09 19:06:15] production.ERROR: exception 'Symfony\Component\HttpKernel\Exception\NotFoundHttpException' in /www/gabblr/api/vendor/laravel/framework/src/Illuminate/Routing/RouteCollection.php:148
Stack trace:
#0 /www/gabblr/api/vendor/laravel/framework/src/Illuminate/Routing/Router.php(1049): Illuminate\Routing\RouteCollection->match(Object(Illuminate\Http\Request))
#1 /www/gabblr/api/vendor/laravel/framework/src/Illuminate/Routing/Router.php(1017): Illuminate\Routing\Router->findRoute(Object(Illuminate\Http\Request))
#2 /www/gabblr/api/vendor/laravel/framework/src/Illuminate/Routing/Router.php(996): Illuminate\Routing\Router->dispatchToRoute(Object(Illuminate\Http\Request))
#3 /www/gabblr/api/vendor/laravel/framework/src/Illuminate/Foundation/Application.php(775): Illuminate\Routing\Router->dispatch(Object(Illuminate\Http\Request))
#4 /www/gabblr/api/vendor/laravel/framework/src/Illuminate/Foundation/Application.php(745): Illuminate\Foundation\Application->dispatch(Object(Illuminate\Http\Request))
#5 /www/gabblr/api/vendor/laravel/framework/src/Illuminate/Session/Middleware.php(72): Illuminate\Foundation\Application->handle(Object(Illuminate\Http\Request), 1, true)
#6 /www/gabblr/api/vendor/laravel/framework/src/Illuminate/Cookie/Queue.php(47): Illuminate\Session\Middleware->handle(Object(Illuminate\Http\Request), 1, true)
#7 /www/gabblr/api/vendor/laravel/framework/src/Illuminate/Cookie/Guard.php(51): Illuminate\Cookie\Queue->handle(Object(Illuminate\Http\Request), 1, true)
#8 /www/gabblr/api/vendor/stack/builder/src/Stack/StackedHttpKernel.php(23): Illuminate\Cookie\Guard->handle(Object(Illuminate\Http\Request), 1, true)
#9 /www/gabblr/api/vendor/laravel/framework/src/Illuminate/Foundation/Application.php(641): Stack\StackedHttpKernel->handle(Object(Illuminate\Http\Request))
#10 /www/gabblr/api/public/index.php(49): Illuminate\Foundation\Application->run()
#11 /www/gabblr/api/server.php(19): require_once('/www/gabblr/api...')
#12 {main} [] []
[2015-02-09 19:06:22] production.ERROR: exception 'Symfony\Component\HttpKernel\Exception\NotFoundHttpException' in /www/gabblr/api/vendor/laravel/framework/src/Illuminate/Routing/RouteCollection.php:148
Stack trace:
#0 /www/gabblr/api/vendor/laravel/framework/src/Illuminate/Routing/Router.php(1049): Illuminate\Routing\RouteCollection->match(Object(Illuminate\Http\Request))
#1 /www/gabblr/api/vendor/laravel/framework/src/Illuminate/Routing/Router.php(1017): Illuminate\Routing\Router->findRoute(Object(Illuminate\Http\Request))
#2 /www/gabblr/api/vendor/laravel/framework/src/Illuminate/Routing/Router.php(996): Illuminate\Routing\Router->dispatchToRoute(Object(Illuminate\Http\Request))
#3 /www/gabblr/api/vendor/laravel/framework/src/Illuminate/Foundation/Application.php(775): Illuminate\Routing\Router->dispatch(Object(Illuminate\Http\Request))
#4 /www/gabblr/api/vendor/laravel/framework/src/Illuminate/Foundation/Application.php(745): Illuminate\Foundation\Application->dispatch(Object(Illuminate\Http\Request))
#5 /www/gabblr/api/vendor/laravel/framework/src/Illuminate/Session/Middleware.php(72): Illuminate\Foundation\Application->handle(Object(Illuminate\Http\Request), 1, true)
#6 /www/gabblr/api/vendor/laravel/framework/src/Illuminate/Cookie/Queue.php(47): Illuminate\Session\Middleware->handle(Object(Illuminate\Http\Request), 1, true)
#7 /www/gabblr/api/vendor/laravel/framework/src/Illuminate/Cookie/Guard.php(51): Illuminate\Cookie\Queue->handle(Object(Illuminate\Http\Request), 1, true)
#8 /www/gabblr/api/vendor/stack/builder/src/Stack/StackedHttpKernel.php(23): Illuminate\Cookie\Guard->handle(Object(Illuminate\Http\Request), 1, true)
#9 /www/gabblr/api/vendor/laravel/framework/src/Illuminate/Foundation/Application.php(641): Stack\StackedHttpKernel->handle(Object(Illuminate\Http\Request))
#10 /www/gabblr/api/public/index.php(49): Illuminate\Foundation\Application->run()
#11 /www/gabblr/api/server.php(19): require_once('/www/gabblr/api...')
#12 {main} [] []
[2015-02-09 19:06:53] production.ERROR: exception 'Symfony\Component\HttpKernel\Exception\NotFoundHttpException' in /www/gabblr/api/vendor/laravel/framework/src/Illuminate/Routing/RouteCollection.php:148
Stack trace:
#0 /www/gabblr/api/vendor/laravel/framework/src/Illuminate/Routing/Router.php(1049): Illuminate\Routing\RouteCollection->match(Object(Illuminate\Http\Request))
#1 /www/gabblr/api/vendor/laravel/framework/src/Illuminate/Routing/Router.php(1017): Illuminate\Routing\Router->findRoute(Object(Illuminate\Http\Request))
#2 /www/gabblr/api/vendor/laravel/framework/src/Illuminate/Routing/Router.php(996): Illuminate\Routing\Router->dispatchToRoute(Object(Illuminate\Http\Request))
#3 /www/gabblr/api/vendor/laravel/framework/src/Illuminate/Foundation/Application.php(775): Illuminate\Routing\Router->dispatch(Object(Illuminate\Http\Request))
#4 /www/gabblr/api/vendor/laravel/framework/src/Illuminate/Foundation/Application.php(745): Illuminate\Foundation\Application->dispatch(Object(Illuminate\Http\Request))
#5 /www/gabblr/api/vendor/laravel/framework/src/Illuminate/Session/Middleware.php(72): Illuminate\Foundation\Application->handle(Object(Illuminate\Http\Request), 1, true)
#6 /www/gabblr/api/vendor/laravel/framework/src/Illuminate/Cookie/Queue.php(47): Illuminate\Session\Middleware->handle(Object(Illuminate\Http\Request), 1, true)
#7 /www/gabblr/api/vendor/laravel/framework/src/Illuminate/Cookie/Guard.php(51): Illuminate\Cookie\Queue->handle(Object(Illuminate\Http\Request), 1, true)
#8 /www/gabblr/api/vendor/stack/builder/src/Stack/StackedHttpKernel.php(23): Illuminate\Cookie\Guard->handle(Object(Illuminate\Http\Request), 1, true)
#9 /www/gabblr/api/vendor/laravel/framework/src/Illuminate/Foundation/Application.php(641): Stack\StackedHttpKernel->handle(Object(Illuminate\Http\Request))
#10 /www/gabblr/api/public/index.php(49): Illuminate\Foundation\Application->run()
#11 /www/gabblr/api/server.php(19): require_once('/www/gabblr/api...')
#12 {main} [] []
[2015-02-09 19:08:44] production.ERROR: exception 'Symfony\Component\HttpKernel\Exception\NotFoundHttpException' in /www/gabblr/api/vendor/laravel/framework/src/Illuminate/Routing/RouteCollection.php:148
Stack trace:
#0 /www/gabblr/api/vendor/laravel/framework/src/Illuminate/Routing/Router.php(1049): Illuminate\Routing\RouteCollection->match(Object(Illuminate\Http\Request))
#1 /www/gabblr/api/vendor/laravel/framework/src/Illuminate/Routing/Router.php(1017): Illuminate\Routing\Router->findRoute(Object(Illuminate\Http\Request))
#2 /www/gabblr/api/vendor/laravel/framework/src/Illuminate/Routing/Router.php(996): Illuminate\Routing\Router->dispatchToRoute(Object(Illuminate\Http\Request))
#3 /www/gabblr/api/vendor/laravel/framework/src/Illuminate/Foundation/Application.php(775): Illuminate\Routing\Router->dispatch(Object(Illuminate\Http\Request))
#4 /www/gabblr/api/vendor/laravel/framework/src/Illuminate/Foundation/Application.php(745): Illuminate\Foundation\Application->dispatch(Object(Illuminate\Http\Request))
#5 /www/gabblr/api/vendor/laravel/framework/src/Illuminate/Session/Middleware.php(72): Illuminate\Foundation\Application->handle(Object(Illuminate\Http\Request), 1, true)
#6 /www/gabblr/api/vendor/laravel/framework/src/Illuminate/Cookie/Queue.php(47): Illuminate\Session\Middleware->handle(Object(Illuminate\Http\Request), 1, true)
#7 /www/gabblr/api/vendor/laravel/framework/src/Illuminate/Cookie/Guard.php(51): Illuminate\Cookie\Queue->handle(Object(Illuminate\Http\Request), 1, true)
#8 /www/gabblr/api/vendor/stack/builder/src/Stack/StackedHttpKernel.php(23): Illuminate\Cookie\Guard->handle(Object(Illuminate\Http\Request), 1, true)
#9 /www/gabblr/api/vendor/laravel/framework/src/Illuminate/Foundation/Application.php(641): Stack\StackedHttpKernel->handle(Object(Illuminate\Http\Request))
#10 /www/gabblr/api/public/index.php(49): Illuminate\Foundation\Application->run()
#11 /www/gabblr/api/server.php(19): require_once('/www/gabblr/api...')
#12 {main} [] []
[2015-02-09 19:10:06] production.ERROR: exception 'Symfony\Component\HttpKernel\Exception\NotFoundHttpException' in /www/gabblr/api/vendor/laravel/framework/src/Illuminate/Routing/RouteCollection.php:148
Stack trace:
#0 /www/gabblr/api/vendor/laravel/framework/src/Illuminate/Routing/Router.php(1049): Illuminate\Routing\RouteCollection->match(Object(Illuminate\Http\Request))
#1 /www/gabblr/api/vendor/laravel/framework/src/Illuminate/Routing/Router.php(1017): Illuminate\Routing\Router->findRoute(Object(Illuminate\Http\Request))
#2 /www/gabblr/api/vendor/laravel/framework/src/Illuminate/Routing/Router.php(996): Illuminate\Routing\Router->dispatchToRoute(Object(Illuminate\Http\Request))
#3 /www/gabblr/api/vendor/laravel/framework/src/Illuminate/Foundation/Application.php(775): Illuminate\Routing\Router->dispatch(Object(Illuminate\Http\Request))
#4 /www/gabblr/api/vendor/laravel/framework/src/Illuminate/Foundation/Application.php(745): Illuminate\Foundation\Application->dispatch(Object(Illuminate\Http\Request))
#5 /www/gabblr/api/vendor/laravel/framework/src/Illuminate/Session/Middleware.php(72): Illuminate\Foundation\Application->handle(Object(Illuminate\Http\Request), 1, true)
#6 /www/gabblr/api/vendor/laravel/framework/src/Illuminate/Cookie/Queue.php(47): Illuminate\Session\Middleware->handle(Object(Illuminate\Http\Request), 1, true)
#7 /www/gabblr/api/vendor/laravel/framework/src/Illuminate/Cookie/Guard.php(51): Illuminate\Cookie\Queue->handle(Object(Illuminate\Http\Request), 1, true)
#8 /www/gabblr/api/vendor/stack/builder/src/Stack/StackedHttpKernel.php(23): Illuminate\Cookie\Guard->handle(Object(Illuminate\Http\Request), 1, true)
#9 /www/gabblr/api/vendor/laravel/framework/src/Illuminate/Foundation/Application.php(641): Stack\StackedHttpKernel->handle(Object(Illuminate\Http\Request))
#10 /www/gabblr/api/public/index.php(49): Illuminate\Foundation\Application->run()
#11 /www/gabblr/api/server.php(19): require_once('/www/gabblr/api...')
#12 {main} [] []
[2015-02-09 19:10:45] production.ERROR: exception 'Symfony\Component\HttpKernel\Exception\NotFoundHttpException' in /www/gabblr/api/vendor/laravel/framework/src/Illuminate/Routing/RouteCollection.php:148
Stack trace:
#0 /www/gabblr/api/vendor/laravel/framework/src/Illuminate/Routing/Router.php(1049): Illuminate\Routing\RouteCollection->match(Object(Illuminate\Http\Request))
#1 /www/gabblr/api/vendor/laravel/framework/src/Illuminate/Routing/Router.php(1017): Illuminate\Routing\Router->findRoute(Object(Illuminate\Http\Request))
#2 /www/gabblr/api/vendor/laravel/framework/src/Illuminate/Routing/Router.php(996): Illuminate\Routing\Router->dispatchToRoute(Object(Illuminate\Http\Request))
#3 /www/gabblr/api/vendor/laravel/framework/src/Illuminate/Foundation/Application.php(775): Illuminate\Routing\Router->dispatch(Object(Illuminate\Http\Request))
#4 /www/gabblr/api/vendor/laravel/framework/src/Illuminate/Foundation/Application.php(745): Illuminate\Foundation\Application->dispatch(Object(Illuminate\Http\Request))
#5 /www/gabblr/api/vendor/laravel/framework/src/Illuminate/Session/Middleware.php(72): Illuminate\Foundation\Application->handle(Object(Illuminate\Http\Request), 1, true)
#6 /www/gabblr/api/vendor/laravel/framework/src/Illuminate/Cookie/Queue.php(47): Illuminate\Session\Middleware->handle(Object(Illuminate\Http\Request), 1, true)
#7 /www/gabblr/api/vendor/laravel/framework/src/Illuminate/Cookie/Guard.php(51): Illuminate\Cookie\Queue->handle(Object(Illuminate\Http\Request), 1, true)
#8 /www/gabblr/api/vendor/stack/builder/src/Stack/StackedHttpKernel.php(23): Illuminate\Cookie\Guard->handle(Object(Illuminate\Http\Request), 1, true)
#9 /www/gabblr/api/vendor/laravel/framework/src/Illuminate/Foundation/Application.php(641): Stack\StackedHttpKernel->handle(Object(Illuminate\Http\Request))
#10 /www/gabblr/api/public/index.php(49): Illuminate\Foundation\Application->run()
#11 /www/gabblr/api/server.php(19): require_once('/www/gabblr/api...')
#12 {main} [] []
[2015-02-09 19:12:12] production.ERROR: exception 'Symfony\Component\HttpKernel\Exception\MethodNotAllowedHttpException' in /www/gabblr/api/vendor/laravel/framework/src/Illuminate/Routing/RouteCollection.php:210
Stack trace:
#0 /www/gabblr/api/vendor/laravel/framework/src/Illuminate/Routing/RouteCollection.php(197): Illuminate\Routing\RouteCollection->methodNotAllowed(Array)
#1 /www/gabblr/api/vendor/laravel/framework/src/Illuminate/Routing/RouteCollection.php(145): Illuminate\Routing\RouteCollection->getOtherMethodsRoute(Object(Illuminate\Http\Request), Array)
#2 /www/gabblr/api/vendor/laravel/framework/src/Illuminate/Routing/Router.php(1049): Illuminate\Routing\RouteCollection->match(Object(Illuminate\Http\Request))
#3 /www/gabblr/api/vendor/laravel/framework/src/Illuminate/Routing/Router.php(1017): Illuminate\Routing\Router->findRoute(Object(Illuminate\Http\Request))
#4 /www/gabblr/api/vendor/laravel/framework/src/Illuminate/Routing/Router.php(996): Illuminate\Routing\Router->dispatchToRoute(Object(Illuminate\Http\Request))
#5 /www/gabblr/api/vendor/laravel/framework/src/Illuminate/Foundation/Application.php(775): Illuminate\Routing\Router->dispatch(Object(Illuminate\Http\Request))
#6 /www/gabblr/api/vendor/laravel/framework/src/Illuminate/Foundation/Application.php(745): Illuminate\Foundation\Application->dispatch(Object(Illuminate\Http\Request))
#7 /www/gabblr/api/vendor/laravel/framework/src/Illuminate/Session/Middleware.php(72): Illuminate\Foundation\Application->handle(Object(Illuminate\Http\Request), 1, true)
#8 /www/gabblr/api/vendor/laravel/framework/src/Illuminate/Cookie/Queue.php(47): Illuminate\Session\Middleware->handle(Object(Illuminate\Http\Request), 1, true)
#9 /www/gabblr/api/vendor/laravel/framework/src/Illuminate/Cookie/Guard.php(51): Illuminate\Cookie\Queue->handle(Object(Illuminate\Http\Request), 1, true)
#10 /www/gabblr/api/vendor/stack/builder/src/Stack/StackedHttpKernel.php(23): Illuminate\Cookie\Guard->handle(Object(Illuminate\Http\Request), 1, true)
#11 /www/gabblr/api/vendor/laravel/framework/src/Illuminate/Foundation/Application.php(641): Stack\StackedHttpKernel->handle(Object(Illuminate\Http\Request))
#12 /www/gabblr/api/public/index.php(49): Illuminate\Foundation\Application->run()
#13 /www/gabblr/api/server.php(19): require_once('/www/gabblr/api...')
#14 {main} [] []
[2015-02-09 20:09:38] production.ERROR: exception 'InvalidArgumentException' with message 'Command "migrate:create_gabs_table" is not defined.

Did you mean one of these?
    migrate:reset
    migrate:refresh
    migrate:rollback
    migrate:install
    migrate
    migrate:make
    migrate:publish' in /www/gabblr/api/vendor/symfony/console/Symfony/Component/Console/Application.php:564
Stack trace:
#0 /www/gabblr/api/vendor/symfony/console/Symfony/Component/Console/Application.php(190): Symfony\Component\Console\Application->find('migrate:create_...')
#1 /www/gabblr/api/vendor/symfony/console/Symfony/Component/Console/Application.php(124): Symfony\Component\Console\Application->doRun(Object(Symfony\Component\Console\Input\ArgvInput), Object(Symfony\Component\Console\Output\ConsoleOutput))
#2 /www/gabblr/api/artisan(59): Symfony\Component\Console\Application->run()
#3 {main} [] []
[2015-02-09 20:32:33] production.ERROR: exception 'ErrorException' with message 'Undefined variable: table' in /www/gabblr/api/app/database/migrations/2015_02_09_201041_create_followers_table.php:15
Stack trace:
#0 /www/gabblr/api/app/database/migrations/2015_02_09_201041_create_followers_table.php(15): Illuminate\Exception\Handler->handleError(8, 'Undefined varia...', '/www/gabblr/api...', 15, Array)
#1 /www/gabblr/api/vendor/laravel/framework/src/Illuminate/Database/Migrations/Migrator.php(135): CreateFollowersTable->up()
#2 /www/gabblr/api/vendor/laravel/framework/src/Illuminate/Database/Migrations/Migrator.php(111): Illuminate\Database\Migrations\Migrator->runUp('2015_02_09_2010...', 2, false)
#3 /www/gabblr/api/vendor/laravel/framework/src/Illuminate/Database/Migrations/Migrator.php(82): Illuminate\Database\Migrations\Migrator->runMigrationList(Array, false)
#4 /www/gabblr/api/vendor/laravel/framework/src/Illuminate/Database/Console/Migrations/MigrateCommand.php(70): Illuminate\Database\Migrations\Migrator->run('/www/gabblr/api...', false)
#5 /www/gabblr/api/vendor/laravel/framework/src/Illuminate/Console/Command.php(112): Illuminate\Database\Console\Migrations\MigrateCommand->fire()
#6 /www/gabblr/api/vendor/symfony/console/Symfony/Component/Console/Command/Command.php(253): Illuminate\Console\Command->execute(Object(Symfony\Component\Console\Input\ArgvInput), Object(Symfony\Component\Console\Output\ConsoleOutput))
#7 /www/gabblr/api/vendor/laravel/framework/src/Illuminate/Console/Command.php(100): Symfony\Component\Console\Command\Command->run(Object(Symfony\Component\Console\Input\ArgvInput), Object(Symfony\Component\Console\Output\ConsoleOutput))
#8 /www/gabblr/api/vendor/symfony/console/Symfony/Component/Console/Application.php(889): Illuminate\Console\Command->run(Object(Symfony\Component\Console\Input\ArgvInput), Object(Symfony\Component\Console\Output\ConsoleOutput))
#9 /www/gabblr/api/vendor/symfony/console/Symfony/Component/Console/Application.php(193): Symfony\Component\Console\Application->doRunCommand(Object(Illuminate\Database\Console\Migrations\MigrateCommand), Object(Symfony\Component\Console\Input\ArgvInput), Object(Symfony\Component\Console\Output\ConsoleOutput))
#10 /www/gabblr/api/vendor/symfony/console/Symfony/Component/Console/Application.php(124): Symfony\Component\Console\Application->doRun(Object(Symfony\Component\Console\Input\ArgvInput), Object(Symfony\Component\Console\Output\ConsoleOutput))
#11 /www/gabblr/api/artisan(59): Symfony\Component\Console\Application->run()
#12 {main} [] []
[2015-02-09 20:33:01] production.ERROR: exception 'ErrorException' with message 'Missing argument 1 for CreateFollowersTable::up(), called in /www/gabblr/api/vendor/laravel/framework/src/Illuminate/Database/Migrations/Migrator.php on line 135 and defined' in /www/gabblr/api/app/database/migrations/2015_02_09_201041_create_followers_table.php:13
Stack trace:
#0 /www/gabblr/api/app/database/migrations/2015_02_09_201041_create_followers_table.php(13): Illuminate\Exception\Handler->handleError(2, 'Missing argumen...', '/www/gabblr/api...', 13, Array)
#1 /www/gabblr/api/vendor/laravel/framework/src/Illuminate/Database/Migrations/Migrator.php(135): CreateFollowersTable->up()
#2 /www/gabblr/api/vendor/laravel/framework/src/Illuminate/Database/Migrations/Migrator.php(111): Illuminate\Database\Migrations\Migrator->runUp('2015_02_09_2010...', 3, false)
#3 /www/gabblr/api/vendor/laravel/framework/src/Illuminate/Database/Migrations/Migrator.php(82): Illuminate\Database\Migrations\Migrator->runMigrationList(Array, false)
#4 /www/gabblr/api/vendor/laravel/framework/src/Illuminate/Database/Console/Migrations/MigrateCommand.php(70): Illuminate\Database\Migrations\Migrator->run('/www/gabblr/api...', false)
#5 /www/gabblr/api/vendor/laravel/framework/src/Illuminate/Console/Command.php(112): Illuminate\Database\Console\Migrations\MigrateCommand->fire()
#6 /www/gabblr/api/vendor/symfony/console/Symfony/Component/Console/Command/Command.php(253): Illuminate\Console\Command->execute(Object(Symfony\Component\Console\Input\ArgvInput), Object(Symfony\Component\Console\Output\ConsoleOutput))
#7 /www/gabblr/api/vendor/laravel/framework/src/Illuminate/Console/Command.php(100): Symfony\Component\Console\Command\Command->run(Object(Symfony\Component\Console\Input\ArgvInput), Object(Symfony\Component\Console\Output\ConsoleOutput))
#8 /www/gabblr/api/vendor/symfony/console/Symfony/Component/Console/Application.php(889): Illuminate\Console\Command->run(Object(Symfony\Component\Console\Input\ArgvInput), Object(Symfony\Component\Console\Output\ConsoleOutput))
#9 /www/gabblr/api/vendor/symfony/console/Symfony/Component/Console/Application.php(193): Symfony\Component\Console\Application->doRunCommand(Object(Illuminate\Database\Console\Migrations\MigrateCommand), Object(Symfony\Component\Console\Input\ArgvInput), Object(Symfony\Component\Console\Output\ConsoleOutput))
#10 /www/gabblr/api/vendor/symfony/console/Symfony/Component/Console/Application.php(124): Symfony\Component\Console\Application->doRun(Object(Symfony\Component\Console\Input\ArgvInput), Object(Symfony\Component\Console\Output\ConsoleOutput))
#11 /www/gabblr/api/artisan(59): Symfony\Component\Console\Application->run()
#12 {main} [] []
[2015-02-09 20:37:09] production.ERROR: exception 'ErrorException' with message 'Missing argument 1 for CreateFollowersTable::up(), called in /www/gabblr/api/vendor/laravel/framework/src/Illuminate/Database/Migrations/Migrator.php on line 135 and defined' in /www/gabblr/api/app/database/migrations/2015_02_09_201041_create_followers_table.php:13
Stack trace:
#0 /www/gabblr/api/app/database/migrations/2015_02_09_201041_create_followers_table.php(13): Illuminate\Exception\Handler->handleError(2, 'Missing argumen...', '/www/gabblr/api...', 13, Array)
#1 /www/gabblr/api/vendor/laravel/framework/src/Illuminate/Database/Migrations/Migrator.php(135): CreateFollowersTable->up()
#2 /www/gabblr/api/vendor/laravel/framework/src/Illuminate/Database/Migrations/Migrator.php(111): Illuminate\Database\Migrations\Migrator->runUp('2015_02_09_2010...', 3, false)
#3 /www/gabblr/api/vendor/laravel/framework/src/Illuminate/Database/Migrations/Migrator.php(82): Illuminate\Database\Migrations\Migrator->runMigrationList(Array, false)
#4 /www/gabblr/api/vendor/laravel/framework/src/Illuminate/Database/Console/Migrations/MigrateCommand.php(70): Illuminate\Database\Migrations\Migrator->run('/www/gabblr/api...', false)
#5 /www/gabblr/api/vendor/laravel/framework/src/Illuminate/Console/Command.php(112): Illuminate\Database\Console\Migrations\MigrateCommand->fire()
#6 /www/gabblr/api/vendor/symfony/console/Symfony/Component/Console/Command/Command.php(253): Illuminate\Console\Command->execute(Object(Symfony\Component\Console\Input\ArgvInput), Object(Symfony\Component\Console\Output\ConsoleOutput))
#7 /www/gabblr/api/vendor/laravel/framework/src/Illuminate/Console/Command.php(100): Symfony\Component\Console\Command\Command->run(Object(Symfony\Component\Console\Input\ArgvInput), Object(Symfony\Component\Console\Output\ConsoleOutput))
#8 /www/gabblr/api/vendor/symfony/console/Symfony/Component/Console/Application.php(889): Illuminate\Console\Command->run(Object(Symfony\Component\Console\Input\ArgvInput), Object(Symfony\Component\Console\Output\ConsoleOutput))
#9 /www/gabblr/api/vendor/symfony/console/Symfony/Component/Console/Application.php(193): Symfony\Component\Console\Application->doRunCommand(Object(Illuminate\Database\Console\Migrations\MigrateCommand), Object(Symfony\Component\Console\Input\ArgvInput), Object(Symfony\Component\Console\Output\ConsoleOutput))
#10 /www/gabblr/api/vendor/symfony/console/Symfony/Component/Console/Application.php(124): Symfony\Component\Console\Application->doRun(Object(Symfony\Component\Console\Input\ArgvInput), Object(Symfony\Component\Console\Output\ConsoleOutput))
#11 /www/gabblr/api/artisan(59): Symfony\Component\Console\Application->run()
#12 {main} [] []
[2015-02-09 20:37:36] production.ERROR: exception 'ErrorException' with message 'Missing argument 1 for CreateFollowersTable::up(), called in /www/gabblr/api/vendor/laravel/framework/src/Illuminate/Database/Migrations/Migrator.php on line 135 and defined' in /www/gabblr/api/app/database/migrations/2015_02_09_201041_create_followers_table.php:13
Stack trace:
#0 /www/gabblr/api/app/database/migrations/2015_02_09_201041_create_followers_table.php(13): Illuminate\Exception\Handler->handleError(2, 'Missing argumen...', '/www/gabblr/api...', 13, Array)
#1 /www/gabblr/api/vendor/laravel/framework/src/Illuminate/Database/Migrations/Migrator.php(135): CreateFollowersTable->up()
#2 /www/gabblr/api/vendor/laravel/framework/src/Illuminate/Database/Migrations/Migrator.php(111): Illuminate\Database\Migrations\Migrator->runUp('2015_02_09_2010...', 3, false)
#3 /www/gabblr/api/vendor/laravel/framework/src/Illuminate/Database/Migrations/Migrator.php(82): Illuminate\Database\Migrations\Migrator->runMigrationList(Array, false)
#4 /www/gabblr/api/vendor/laravel/framework/src/Illuminate/Database/Console/Migrations/MigrateCommand.php(70): Illuminate\Database\Migrations\Migrator->run('/www/gabblr/api...', false)
#5 /www/gabblr/api/vendor/laravel/framework/src/Illuminate/Console/Command.php(112): Illuminate\Database\Console\Migrations\MigrateCommand->fire()
#6 /www/gabblr/api/vendor/symfony/console/Symfony/Component/Console/Command/Command.php(253): Illuminate\Console\Command->execute(Object(Symfony\Component\Console\Input\ArgvInput), Object(Symfony\Component\Console\Output\ConsoleOutput))
#7 /www/gabblr/api/vendor/laravel/framework/src/Illuminate/Console/Command.php(100): Symfony\Component\Console\Command\Command->run(Object(Symfony\Component\Console\Input\ArgvInput), Object(Symfony\Component\Console\Output\ConsoleOutput))
#8 /www/gabblr/api/vendor/symfony/console/Symfony/Component/Console/Application.php(889): Illuminate\Console\Command->run(Object(Symfony\Component\Console\Input\ArgvInput), Object(Symfony\Component\Console\Output\ConsoleOutput))
#9 /www/gabblr/api/vendor/symfony/console/Symfony/Component/Console/Application.php(193): Symfony\Component\Console\Application->doRunCommand(Object(Illuminate\Database\Console\Migrations\MigrateCommand), Object(Symfony\Component\Console\Input\ArgvInput), Object(Symfony\Component\Console\Output\ConsoleOutput))
#10 /www/gabblr/api/vendor/symfony/console/Symfony/Component/Console/Application.php(124): Symfony\Component\Console\Application->doRun(Object(Symfony\Component\Console\Input\ArgvInput), Object(Symfony\Component\Console\Output\ConsoleOutput))
#11 /www/gabblr/api/artisan(59): Symfony\Component\Console\Application->run()
#12 {main} [] []
[2015-02-09 20:38:58] production.ERROR: exception 'PDOException' with message 'SQLSTATE[42000]: Syntax error or access violation: 1072 Key column 'user_id' doesn't exist in table' in /www/gabblr/api/vendor/laravel/framework/src/Illuminate/Database/Connection.php:369
Stack trace:
#0 /www/gabblr/api/vendor/laravel/framework/src/Illuminate/Database/Connection.php(369): PDOStatement->execute(Array)
#1 /www/gabblr/api/vendor/laravel/framework/src/Illuminate/Database/Connection.php(617): Illuminate\Database\Connection->Illuminate\Database\{closure}(Object(Illuminate\Database\MySqlConnection), 'alter table `fo...', Array)
#2 /www/gabblr/api/vendor/laravel/framework/src/Illuminate/Database/Connection.php(581): Illuminate\Database\Connection->runQueryCallback('alter table `fo...', Array, Object(Closure))
#3 /www/gabblr/api/vendor/laravel/framework/src/Illuminate/Database/Connection.php(370): Illuminate\Database\Connection->run('alter table `fo...', Array, Object(Closure))
#4 /www/gabblr/api/vendor/laravel/framework/src/Illuminate/Database/Schema/Blueprint.php(63): Illuminate\Database\Connection->statement('alter table `fo...')
#5 /www/gabblr/api/vendor/laravel/framework/src/Illuminate/Database/Schema/Builder.php(169): Illuminate\Database\Schema\Blueprint->build(Object(Illuminate\Database\MySqlConnection), Object(Illuminate\Database\Schema\Grammars\MySqlGrammar))
#6 /www/gabblr/api/vendor/laravel/framework/src/Illuminate/Database/Schema/Builder.php(112): Illuminate\Database\Schema\Builder->build(Object(Illuminate\Database\Schema\Blueprint))
#7 /www/gabblr/api/vendor/laravel/framework/src/Illuminate/Support/Facades/Facade.php(211): Illuminate\Database\Schema\Builder->create('followers', Object(Closure))
#8 /www/gabblr/api/app/database/migrations/2015_02_09_201041_create_followers_table.php(24): Illuminate\Support\Facades\Facade::__callStatic('create', Array)
#9 /www/gabblr/api/app/database/migrations/2015_02_09_201041_create_followers_table.php(24): Illuminate\Support\Facades\Schema::create('followers', Object(Closure))
#10 /www/gabblr/api/vendor/laravel/framework/src/Illuminate/Database/Migrations/Migrator.php(135): CreateFollowersTable->up()
#11 /www/gabblr/api/vendor/laravel/framework/src/Illuminate/Database/Migrations/Migrator.php(111): Illuminate\Database\Migrations\Migrator->runUp('2015_02_09_2010...', 3, false)
#12 /www/gabblr/api/vendor/laravel/framework/src/Illuminate/Database/Migrations/Migrator.php(82): Illuminate\Database\Migrations\Migrator->runMigrationList(Array, false)
#13 /www/gabblr/api/vendor/laravel/framework/src/Illuminate/Database/Console/Migrations/MigrateCommand.php(70): Illuminate\Database\Migrations\Migrator->run('/www/gabblr/api...', false)
#14 /www/gabblr/api/vendor/laravel/framework/src/Illuminate/Console/Command.php(112): Illuminate\Database\Console\Migrations\MigrateCommand->fire()
#15 /www/gabblr/api/vendor/symfony/console/Symfony/Component/Console/Command/Command.php(253): Illuminate\Console\Command->execute(Object(Symfony\Component\Console\Input\ArgvInput), Object(Symfony\Component\Console\Output\ConsoleOutput))
#16 /www/gabblr/api/vendor/laravel/framework/src/Illuminate/Console/Command.php(100): Symfony\Component\Console\Command\Command->run(Object(Symfony\Component\Console\Input\ArgvInput), Object(Symfony\Component\Console\Output\ConsoleOutput))
#17 /www/gabblr/api/vendor/symfony/console/Symfony/Component/Console/Application.php(889): Illuminate\Console\Command->run(Object(Symfony\Component\Console\Input\ArgvInput), Object(Symfony\Component\Console\Output\ConsoleOutput))
#18 /www/gabblr/api/vendor/symfony/console/Symfony/Component/Console/Application.php(193): Symfony\Component\Console\Application->doRunCommand(Object(Illuminate\Database\Console\Migrations\MigrateCommand), Object(Symfony\Component\Console\Input\ArgvInput), Object(Symfony\Component\Console\Output\ConsoleOutput))
#19 /www/gabblr/api/vendor/symfony/console/Symfony/Component/Console/Application.php(124): Symfony\Component\Console\Application->doRun(Object(Symfony\Component\Console\Input\ArgvInput), Object(Symfony\Component\Console\Output\ConsoleOutput))
#20 /www/gabblr/api/artisan(59): Symfony\Component\Console\Application->run()
#21 {main}

Next exception 'Illuminate\Database\QueryException' with message 'SQLSTATE[42000]: Syntax error or access violation: 1072 Key column 'user_id' doesn't exist in table (SQL: alter table `followers` add unique followers_user_id_follower_id_unique(`user_id`, `follower_id`))' in /www/gabblr/api/vendor/laravel/framework/src/Illuminate/Database/Connection.php:625
Stack trace:
#0 /www/gabblr/api/vendor/laravel/framework/src/Illuminate/Database/Connection.php(581): Illuminate\Database\Connection->runQueryCallback('alter table `fo...', Array, Object(Closure))
#1 /www/gabblr/api/vendor/laravel/framework/src/Illuminate/Database/Connection.php(370): Illuminate\Database\Connection->run('alter table `fo...', Array, Object(Closure))
#2 /www/gabblr/api/vendor/laravel/framework/src/Illuminate/Database/Schema/Blueprint.php(63): Illuminate\Database\Connection->statement('alter table `fo...')
#3 /www/gabblr/api/vendor/laravel/framework/src/Illuminate/Database/Schema/Builder.php(169): Illuminate\Database\Schema\Blueprint->build(Object(Illuminate\Database\MySqlConnection), Object(Illuminate\Database\Schema\Grammars\MySqlGrammar))
#4 /www/gabblr/api/vendor/laravel/framework/src/Illuminate/Database/Schema/Builder.php(112): Illuminate\Database\Schema\Builder->build(Object(Illuminate\Database\Schema\Blueprint))
#5 /www/gabblr/api/vendor/laravel/framework/src/Illuminate/Support/Facades/Facade.php(211): Illuminate\Database\Schema\Builder->create('followers', Object(Closure))
#6 /www/gabblr/api/app/database/migrations/2015_02_09_201041_create_followers_table.php(24): Illuminate\Support\Facades\Facade::__callStatic('create', Array)
#7 /www/gabblr/api/app/database/migrations/2015_02_09_201041_create_followers_table.php(24): Illuminate\Support\Facades\Schema::create('followers', Object(Closure))
#8 /www/gabblr/api/vendor/laravel/framework/src/Illuminate/Database/Migrations/Migrator.php(135): CreateFollowersTable->up()
#9 /www/gabblr/api/vendor/laravel/framework/src/Illuminate/Database/Migrations/Migrator.php(111): Illuminate\Database\Migrations\Migrator->runUp('2015_02_09_2010...', 3, false)
#10 /www/gabblr/api/vendor/laravel/framework/src/Illuminate/Database/Migrations/Migrator.php(82): Illuminate\Database\Migrations\Migrator->runMigrationList(Array, false)
#11 /www/gabblr/api/vendor/laravel/framework/src/Illuminate/Database/Console/Migrations/MigrateCommand.php(70): Illuminate\Database\Migrations\Migrator->run('/www/gabblr/api...', false)
#12 /www/gabblr/api/vendor/laravel/framework/src/Illuminate/Console/Command.php(112): Illuminate\Database\Console\Migrations\MigrateCommand->fire()
#13 /www/gabblr/api/vendor/symfony/console/Symfony/Component/Console/Command/Command.php(253): Illuminate\Console\Command->execute(Object(Symfony\Component\Console\Input\ArgvInput), Object(Symfony\Component\Console\Output\ConsoleOutput))
#14 /www/gabblr/api/vendor/laravel/framework/src/Illuminate/Console/Command.php(100): Symfony\Component\Console\Command\Command->run(Object(Symfony\Component\Console\Input\ArgvInput), Object(Symfony\Component\Console\Output\ConsoleOutput))
#15 /www/gabblr/api/vendor/symfony/console/Symfony/Component/Console/Application.php(889): Illuminate\Console\Command->run(Object(Symfony\Component\Console\Input\ArgvInput), Object(Symfony\Component\Console\Output\ConsoleOutput))
#16 /www/gabblr/api/vendor/symfony/console/Symfony/Component/Console/Application.php(193): Symfony\Component\Console\Application->doRunCommand(Object(Illuminate\Database\Console\Migrations\MigrateCommand), Object(Symfony\Component\Console\Input\ArgvInput), Object(Symfony\Component\Console\Output\ConsoleOutput))
#17 /www/gabblr/api/vendor/symfony/console/Symfony/Component/Console/Application.php(124): Symfony\Component\Console\Application->doRun(Object(Symfony\Component\Console\Input\ArgvInput), Object(Symfony\Component\Console\Output\ConsoleOutput))
#18 /www/gabblr/api/artisan(59): Symfony\Component\Console\Application->run()
#19 {main} [] []
[2015-02-09 20:40:13] production.ERROR: exception 'PDOException' with message 'SQLSTATE[42S01]: Base table or view already exists: 1050 Table 'followers' already exists' in /www/gabblr/api/vendor/laravel/framework/src/Illuminate/Database/Connection.php:369
Stack trace:
#0 /www/gabblr/api/vendor/laravel/framework/src/Illuminate/Database/Connection.php(369): PDOStatement->execute(Array)
#1 /www/gabblr/api/vendor/laravel/framework/src/Illuminate/Database/Connection.php(617): Illuminate\Database\Connection->Illuminate\Database\{closure}(Object(Illuminate\Database\MySqlConnection), 'create table `f...', Array)
#2 /www/gabblr/api/vendor/laravel/framework/src/Illuminate/Database/Connection.php(581): Illuminate\Database\Connection->runQueryCallback('create table `f...', Array, Object(Closure))
#3 /www/gabblr/api/vendor/laravel/framework/src/Illuminate/Database/Connection.php(370): Illuminate\Database\Connection->run('create table `f...', Array, Object(Closure))
#4 /www/gabblr/api/vendor/laravel/framework/src/Illuminate/Database/Schema/Blueprint.php(63): Illuminate\Database\Connection->statement('create table `f...')
#5 /www/gabblr/api/vendor/laravel/framework/src/Illuminate/Database/Schema/Builder.php(169): Illuminate\Database\Schema\Blueprint->build(Object(Illuminate\Database\MySqlConnection), Object(Illuminate\Database\Schema\Grammars\MySqlGrammar))
#6 /www/gabblr/api/vendor/laravel/framework/src/Illuminate/Database/Schema/Builder.php(112): Illuminate\Database\Schema\Builder->build(Object(Illuminate\Database\Schema\Blueprint))
#7 /www/gabblr/api/vendor/laravel/framework/src/Illuminate/Support/Facades/Facade.php(211): Illuminate\Database\Schema\Builder->create('followers', Object(Closure))
#8 /www/gabblr/api/app/database/migrations/2015_02_09_201041_create_followers_table.php(29): Illuminate\Support\Facades\Facade::__callStatic('create', Array)
#9 /www/gabblr/api/app/database/migrations/2015_02_09_201041_create_followers_table.php(29): Illuminate\Support\Facades\Schema::create('followers', Object(Closure))
#10 /www/gabblr/api/vendor/laravel/framework/src/Illuminate/Database/Migrations/Migrator.php(135): CreateFollowersTable->up()
#11 /www/gabblr/api/vendor/laravel/framework/src/Illuminate/Database/Migrations/Migrator.php(111): Illuminate\Database\Migrations\Migrator->runUp('2015_02_09_2010...', 3, false)
#12 /www/gabblr/api/vendor/laravel/framework/src/Illuminate/Database/Migrations/Migrator.php(82): Illuminate\Database\Migrations\Migrator->runMigrationList(Array, false)
#13 /www/gabblr/api/vendor/laravel/framework/src/Illuminate/Database/Console/Migrations/MigrateCommand.php(70): Illuminate\Database\Migrations\Migrator->run('/www/gabblr/api...', false)
#14 /www/gabblr/api/vendor/laravel/framework/src/Illuminate/Console/Command.php(112): Illuminate\Database\Console\Migrations\MigrateCommand->fire()
#15 /www/gabblr/api/vendor/symfony/console/Symfony/Component/Console/Command/Command.php(253): Illuminate\Console\Command->execute(Object(Symfony\Component\Console\Input\ArgvInput), Object(Symfony\Component\Console\Output\ConsoleOutput))
#16 /www/gabblr/api/vendor/laravel/framework/src/Illuminate/Console/Command.php(100): Symfony\Component\Console\Command\Command->run(Object(Symfony\Component\Console\Input\ArgvInput), Object(Symfony\Component\Console\Output\ConsoleOutput))
#17 /www/gabblr/api/vendor/symfony/console/Symfony/Component/Console/Application.php(889): Illuminate\Console\Command->run(Object(Symfony\Component\Console\Input\ArgvInput), Object(Symfony\Component\Console\Output\ConsoleOutput))
#18 /www/gabblr/api/vendor/symfony/console/Symfony/Component/Console/Application.php(193): Symfony\Component\Console\Application->doRunCommand(Object(Illuminate\Database\Console\Migrations\MigrateCommand), Object(Symfony\Component\Console\Input\ArgvInput), Object(Symfony\Component\Console\Output\ConsoleOutput))
#19 /www/gabblr/api/vendor/symfony/console/Symfony/Component/Console/Application.php(124): Symfony\Component\Console\Application->doRun(Object(Symfony\Component\Console\Input\ArgvInput), Object(Symfony\Component\Console\Output\ConsoleOutput))
#20 /www/gabblr/api/artisan(59): Symfony\Component\Console\Application->run()
#21 {main}

Next exception 'Illuminate\Database\QueryException' with message 'SQLSTATE[42S01]: Base table or view already exists: 1050 Table 'followers' already exists (SQL: create table `followers` (`id` int unsigned not null auto_increment primary key, `user_id` int unsigned not null, `follower_id` int unsigned not null, `created_at` timestamp default 0 not null, `updated_at` timestamp default 0 not null) default character set utf8 collate utf8_unicode_ci)' in /www/gabblr/api/vendor/laravel/framework/src/Illuminate/Database/Connection.php:625
Stack trace:
#0 /www/gabblr/api/vendor/laravel/framework/src/Illuminate/Database/Connection.php(581): Illuminate\Database\Connection->runQueryCallback('create table `f...', Array, Object(Closure))
#1 /www/gabblr/api/vendor/laravel/framework/src/Illuminate/Database/Connection.php(370): Illuminate\Database\Connection->run('create table `f...', Array, Object(Closure))
#2 /www/gabblr/api/vendor/laravel/framework/src/Illuminate/Database/Schema/Blueprint.php(63): Illuminate\Database\Connection->statement('create table `f...')
#3 /www/gabblr/api/vendor/laravel/framework/src/Illuminate/Database/Schema/Builder.php(169): Illuminate\Database\Schema\Blueprint->build(Object(Illuminate\Database\MySqlConnection), Object(Illuminate\Database\Schema\Grammars\MySqlGrammar))
#4 /www/gabblr/api/vendor/laravel/framework/src/Illuminate/Database/Schema/Builder.php(112): Illuminate\Database\Schema\Builder->build(Object(Illuminate\Database\Schema\Blueprint))
#5 /www/gabblr/api/vendor/laravel/framework/src/Illuminate/Support/Facades/Facade.php(211): Illuminate\Database\Schema\Builder->create('followers', Object(Closure))
#6 /www/gabblr/api/app/database/migrations/2015_02_09_201041_create_followers_table.php(29): Illuminate\Support\Facades\Facade::__callStatic('create', Array)
#7 /www/gabblr/api/app/database/migrations/2015_02_09_201041_create_followers_table.php(29): Illuminate\Support\Facades\Schema::create('followers', Object(Closure))
#8 /www/gabblr/api/vendor/laravel/framework/src/Illuminate/Database/Migrations/Migrator.php(135): CreateFollowersTable->up()
#9 /www/gabblr/api/vendor/laravel/framework/src/Illuminate/Database/Migrations/Migrator.php(111): Illuminate\Database\Migrations\Migrator->runUp('2015_02_09_2010...', 3, false)
#10 /www/gabblr/api/vendor/laravel/framework/src/Illuminate/Database/Migrations/Migrator.php(82): Illuminate\Database\Migrations\Migrator->runMigrationList(Array, false)
#11 /www/gabblr/api/vendor/laravel/framework/src/Illuminate/Database/Console/Migrations/MigrateCommand.php(70): Illuminate\Database\Migrations\Migrator->run('/www/gabblr/api...', false)
#12 /www/gabblr/api/vendor/laravel/framework/src/Illuminate/Console/Command.php(112): Illuminate\Database\Console\Migrations\MigrateCommand->fire()
#13 /www/gabblr/api/vendor/symfony/console/Symfony/Component/Console/Command/Command.php(253): Illuminate\Console\Command->execute(Object(Symfony\Component\Console\Input\ArgvInput), Object(Symfony\Component\Console\Output\ConsoleOutput))
#14 /www/gabblr/api/vendor/laravel/framework/src/Illuminate/Console/Command.php(100): Symfony\Component\Console\Command\Command->run(Object(Symfony\Component\Console\Input\ArgvInput), Object(Symfony\Component\Console\Output\ConsoleOutput))
#15 /www/gabblr/api/vendor/symfony/console/Symfony/Component/Console/Application.php(889): Illuminate\Console\Command->run(Object(Symfony\Component\Console\Input\ArgvInput), Object(Symfony\Component\Console\Output\ConsoleOutput))
#16 /www/gabblr/api/vendor/symfony/console/Symfony/Component/Console/Application.php(193): Symfony\Component\Console\Application->doRunCommand(Object(Illuminate\Database\Console\Migrations\MigrateCommand), Object(Symfony\Component\Console\Input\ArgvInput), Object(Symfony\Component\Console\Output\ConsoleOutput))
#17 /www/gabblr/api/vendor/symfony/console/Symfony/Component/Console/Application.php(124): Symfony\Component\Console\Application->doRun(Object(Symfony\Component\Console\Input\ArgvInput), Object(Symfony\Component\Console\Output\ConsoleOutput))
#18 /www/gabblr/api/artisan(59): Symfony\Component\Console\Application->run()
#19 {main} [] []
[2015-02-09 20:40:25] production.ERROR: exception 'PDOException' with message 'SQLSTATE[23000]: Integrity constraint violation: 1217 Cannot delete or update a parent row: a foreign key constraint fails' in /www/gabblr/api/vendor/laravel/framework/src/Illuminate/Database/Connection.php:369
Stack trace:
#0 /www/gabblr/api/vendor/laravel/framework/src/Illuminate/Database/Connection.php(369): PDOStatement->execute(Array)
#1 /www/gabblr/api/vendor/laravel/framework/src/Illuminate/Database/Connection.php(617): Illuminate\Database\Connection->Illuminate\Database\{closure}(Object(Illuminate\Database\MySqlConnection), 'drop table `use...', Array)
#2 /www/gabblr/api/vendor/laravel/framework/src/Illuminate/Database/Connection.php(581): Illuminate\Database\Connection->runQueryCallback('drop table `use...', Array, Object(Closure))
#3 /www/gabblr/api/vendor/laravel/framework/src/Illuminate/Database/Connection.php(370): Illuminate\Database\Connection->run('drop table `use...', Array, Object(Closure))
#4 /www/gabblr/api/vendor/laravel/framework/src/Illuminate/Database/Schema/Blueprint.php(63): Illuminate\Database\Connection->statement('drop table `use...')
#5 /www/gabblr/api/vendor/laravel/framework/src/Illuminate/Database/Schema/Builder.php(169): Illuminate\Database\Schema\Blueprint->build(Object(Illuminate\Database\MySqlConnection), Object(Illuminate\Database\Schema\Grammars\MySqlGrammar))
#6 /www/gabblr/api/vendor/laravel/framework/src/Illuminate/Database/Schema/Builder.php(127): Illuminate\Database\Schema\Builder->build(Object(Illuminate\Database\Schema\Blueprint))
#7 /www/gabblr/api/vendor/laravel/framework/src/Illuminate/Support/Facades/Facade.php(208): Illuminate\Database\Schema\Builder->drop('users')
#8 /www/gabblr/api/app/database/migrations/2014_08_21_030604_create_users_table.php(35): Illuminate\Support\Facades\Facade::__callStatic('drop', Array)
#9 /www/gabblr/api/app/database/migrations/2014_08_21_030604_create_users_table.php(35): Illuminate\Support\Facades\Schema::drop('users')
#10 /www/gabblr/api/vendor/laravel/framework/src/Illuminate/Database/Migrations/Migrator.php(199): CreateUsersTable->down()
#11 /www/gabblr/api/vendor/laravel/framework/src/Illuminate/Database/Migrations/Migrator.php(172): Illuminate\Database\Migrations\Migrator->runDown(Object(stdClass), false)
#12 /www/gabblr/api/vendor/laravel/framework/src/Illuminate/Database/Console/Migrations/ResetCommand.php(61): Illuminate\Database\Migrations\Migrator->rollback(false)
#13 /www/gabblr/api/vendor/laravel/framework/src/Illuminate/Console/Command.php(112): Illuminate\Database\Console\Migrations\ResetCommand->fire()
#14 /www/gabblr/api/vendor/symfony/console/Symfony/Component/Console/Command/Command.php(253): Illuminate\Console\Command->execute(Object(Symfony\Component\Console\Input\ArrayInput), Object(Symfony\Component\Console\Output\ConsoleOutput))
#15 /www/gabblr/api/vendor/laravel/framework/src/Illuminate/Console/Command.php(100): Symfony\Component\Console\Command\Command->run(Object(Symfony\Component\Console\Input\ArrayInput), Object(Symfony\Component\Console\Output\ConsoleOutput))
#16 /www/gabblr/api/vendor/laravel/framework/src/Illuminate/Console/Command.php(128): Illuminate\Console\Command->run(Object(Symfony\Component\Console\Input\ArrayInput), Object(Symfony\Component\Console\Output\ConsoleOutput))
#17 /www/gabblr/api/vendor/laravel/framework/src/Illuminate/Database/Console/Migrations/RefreshCommand.php(40): Illuminate\Console\Command->call('migrate:reset', Array)
#18 /www/gabblr/api/vendor/laravel/framework/src/Illuminate/Console/Command.php(112): Illuminate\Database\Console\Migrations\RefreshCommand->fire()
#19 /www/gabblr/api/vendor/symfony/console/Symfony/Component/Console/Command/Command.php(253): Illuminate\Console\Command->execute(Object(Symfony\Component\Console\Input\ArgvInput), Object(Symfony\Component\Console\Output\ConsoleOutput))
#20 /www/gabblr/api/vendor/laravel/framework/src/Illuminate/Console/Command.php(100): Symfony\Component\Console\Command\Command->run(Object(Symfony\Component\Console\Input\ArgvInput), Object(Symfony\Component\Console\Output\ConsoleOutput))
#21 /www/gabblr/api/vendor/symfony/console/Symfony/Component/Console/Application.php(889): Illuminate\Console\Command->run(Object(Symfony\Component\Console\Input\ArgvInput), Object(Symfony\Component\Console\Output\ConsoleOutput))
#22 /www/gabblr/api/vendor/symfony/console/Symfony/Component/Console/Application.php(193): Symfony\Component\Console\Application->doRunCommand(Object(Illuminate\Database\Console\Migrations\RefreshCommand), Object(Symfony\Component\Console\Input\ArgvInput), Object(Symfony\Component\Console\Output\ConsoleOutput))
#23 /www/gabblr/api/vendor/symfony/console/Symfony/Component/Console/Application.php(124): Symfony\Component\Console\Application->doRun(Object(Symfony\Component\Console\Input\ArgvInput), Object(Symfony\Component\Console\Output\ConsoleOutput))
#24 /www/gabblr/api/artisan(59): Symfony\Component\Console\Application->run()
#25 {main}

Next exception 'Illuminate\Database\QueryException' with message 'SQLSTATE[23000]: Integrity constraint violation: 1217 Cannot delete or update a parent row: a foreign key constraint fails (SQL: drop table `users`)' in /www/gabblr/api/vendor/laravel/framework/src/Illuminate/Database/Connection.php:625
Stack trace:
#0 /www/gabblr/api/vendor/laravel/framework/src/Illuminate/Database/Connection.php(581): Illuminate\Database\Connection->runQueryCallback('drop table `use...', Array, Object(Closure))
#1 /www/gabblr/api/vendor/laravel/framework/src/Illuminate/Database/Connection.php(370): Illuminate\Database\Connection->run('drop table `use...', Array, Object(Closure))
#2 /www/gabblr/api/vendor/laravel/framework/src/Illuminate/Database/Schema/Blueprint.php(63): Illuminate\Database\Connection->statement('drop table `use...')
#3 /www/gabblr/api/vendor/laravel/framework/src/Illuminate/Database/Schema/Builder.php(169): Illuminate\Database\Schema\Blueprint->build(Object(Illuminate\Database\MySqlConnection), Object(Illuminate\Database\Schema\Grammars\MySqlGrammar))
#4 /www/gabblr/api/vendor/laravel/framework/src/Illuminate/Database/Schema/Builder.php(127): Illuminate\Database\Schema\Builder->build(Object(Illuminate\Database\Schema\Blueprint))
#5 /www/gabblr/api/vendor/laravel/framework/src/Illuminate/Support/Facades/Facade.php(208): Illuminate\Database\Schema\Builder->drop('users')
#6 /www/gabblr/api/app/database/migrations/2014_08_21_030604_create_users_table.php(35): Illuminate\Support\Facades\Facade::__callStatic('drop', Array)
#7 /www/gabblr/api/app/database/migrations/2014_08_21_030604_create_users_table.php(35): Illuminate\Support\Facades\Schema::drop('users')
#8 /www/gabblr/api/vendor/laravel/framework/src/Illuminate/Database/Migrations/Migrator.php(199): CreateUsersTable->down()
#9 /www/gabblr/api/vendor/laravel/framework/src/Illuminate/Database/Migrations/Migrator.php(172): Illuminate\Database\Migrations\Migrator->runDown(Object(stdClass), false)
#10 /www/gabblr/api/vendor/laravel/framework/src/Illuminate/Database/Console/Migrations/ResetCommand.php(61): Illuminate\Database\Migrations\Migrator->rollback(false)
#11 /www/gabblr/api/vendor/laravel/framework/src/Illuminate/Console/Command.php(112): Illuminate\Database\Console\Migrations\ResetCommand->fire()
#12 /www/gabblr/api/vendor/symfony/console/Symfony/Component/Console/Command/Command.php(253): Illuminate\Console\Command->execute(Object(Symfony\Component\Console\Input\ArrayInput), Object(Symfony\Component\Console\Output\ConsoleOutput))
#13 /www/gabblr/api/vendor/laravel/framework/src/Illuminate/Console/Command.php(100): Symfony\Component\Console\Command\Command->run(Object(Symfony\Component\Console\Input\ArrayInput), Object(Symfony\Component\Console\Output\ConsoleOutput))
#14 /www/gabblr/api/vendor/laravel/framework/src/Illuminate/Console/Command.php(128): Illuminate\Console\Command->run(Object(Symfony\Component\Console\Input\ArrayInput), Object(Symfony\Component\Console\Output\ConsoleOutput))
#15 /www/gabblr/api/vendor/laravel/framework/src/Illuminate/Database/Console/Migrations/RefreshCommand.php(40): Illuminate\Console\Command->call('migrate:reset', Array)
#16 /www/gabblr/api/vendor/laravel/framework/src/Illuminate/Console/Command.php(112): Illuminate\Database\Console\Migrations\RefreshCommand->fire()
#17 /www/gabblr/api/vendor/symfony/console/Symfony/Component/Console/Command/Command.php(253): Illuminate\Console\Command->execute(Object(Symfony\Component\Console\Input\ArgvInput), Object(Symfony\Component\Console\Output\ConsoleOutput))
#18 /www/gabblr/api/vendor/laravel/framework/src/Illuminate/Console/Command.php(100): Symfony\Component\Console\Command\Command->run(Object(Symfony\Component\Console\Input\ArgvInput), Object(Symfony\Component\Console\Output\ConsoleOutput))
#19 /www/gabblr/api/vendor/symfony/console/Symfony/Component/Console/Application.php(889): Illuminate\Console\Command->run(Object(Symfony\Component\Console\Input\ArgvInput), Object(Symfony\Component\Console\Output\ConsoleOutput))
#20 /www/gabblr/api/vendor/symfony/console/Symfony/Component/Console/Application.php(193): Symfony\Component\Console\Application->doRunCommand(Object(Illuminate\Database\Console\Migrations\RefreshCommand), Object(Symfony\Component\Console\Input\ArgvInput), Object(Symfony\Component\Console\Output\ConsoleOutput))
#21 /www/gabblr/api/vendor/symfony/console/Symfony/Component/Console/Application.php(124): Symfony\Component\Console\Application->doRun(Object(Symfony\Component\Console\Input\ArgvInput), Object(Symfony\Component\Console\Output\ConsoleOutput))
#22 /www/gabblr/api/artisan(59): Symfony\Component\Console\Application->run()
#23 {main} [] []
[2015-02-09 20:41:17] production.ERROR: exception 'PDOException' with message 'SQLSTATE[23000]: Integrity constraint violation: 1217 Cannot delete or update a parent row: a foreign key constraint fails' in /www/gabblr/api/vendor/laravel/framework/src/Illuminate/Database/Connection.php:369
Stack trace:
#0 /www/gabblr/api/vendor/laravel/framework/src/Illuminate/Database/Connection.php(369): PDOStatement->execute(Array)
#1 /www/gabblr/api/vendor/laravel/framework/src/Illuminate/Database/Connection.php(617): Illuminate\Database\Connection->Illuminate\Database\{closure}(Object(Illuminate\Database\MySqlConnection), 'drop table `use...', Array)
#2 /www/gabblr/api/vendor/laravel/framework/src/Illuminate/Database/Connection.php(581): Illuminate\Database\Connection->runQueryCallback('drop table `use...', Array, Object(Closure))
#3 /www/gabblr/api/vendor/laravel/framework/src/Illuminate/Database/Connection.php(370): Illuminate\Database\Connection->run('drop table `use...', Array, Object(Closure))
#4 /www/gabblr/api/vendor/laravel/framework/src/Illuminate/Database/Schema/Blueprint.php(63): Illuminate\Database\Connection->statement('drop table `use...')
#5 /www/gabblr/api/vendor/laravel/framework/src/Illuminate/Database/Schema/Builder.php(169): Illuminate\Database\Schema\Blueprint->build(Object(Illuminate\Database\MySqlConnection), Object(Illuminate\Database\Schema\Grammars\MySqlGrammar))
#6 /www/gabblr/api/vendor/laravel/framework/src/Illuminate/Database/Schema/Builder.php(127): Illuminate\Database\Schema\Builder->build(Object(Illuminate\Database\Schema\Blueprint))
#7 /www/gabblr/api/vendor/laravel/framework/src/Illuminate/Support/Facades/Facade.php(208): Illuminate\Database\Schema\Builder->drop('users')
#8 /www/gabblr/api/app/database/migrations/2014_08_21_030604_create_users_table.php(35): Illuminate\Support\Facades\Facade::__callStatic('drop', Array)
#9 /www/gabblr/api/app/database/migrations/2014_08_21_030604_create_users_table.php(35): Illuminate\Support\Facades\Schema::drop('users')
#10 /www/gabblr/api/vendor/laravel/framework/src/Illuminate/Database/Migrations/Migrator.php(199): CreateUsersTable->down()
#11 /www/gabblr/api/vendor/laravel/framework/src/Illuminate/Database/Migrations/Migrator.php(172): Illuminate\Database\Migrations\Migrator->runDown(Object(stdClass), false)
#12 /www/gabblr/api/vendor/laravel/framework/src/Illuminate/Database/Console/Migrations/ResetCommand.php(61): Illuminate\Database\Migrations\Migrator->rollback(false)
#13 /www/gabblr/api/vendor/laravel/framework/src/Illuminate/Console/Command.php(112): Illuminate\Database\Console\Migrations\ResetCommand->fire()
#14 /www/gabblr/api/vendor/symfony/console/Symfony/Component/Console/Command/Command.php(253): Illuminate\Console\Command->execute(Object(Symfony\Component\Console\Input\ArrayInput), Object(Symfony\Component\Console\Output\ConsoleOutput))
#15 /www/gabblr/api/vendor/laravel/framework/src/Illuminate/Console/Command.php(100): Symfony\Component\Console\Command\Command->run(Object(Symfony\Component\Console\Input\ArrayInput), Object(Symfony\Component\Console\Output\ConsoleOutput))
#16 /www/gabblr/api/vendor/laravel/framework/src/Illuminate/Console/Command.php(128): Illuminate\Console\Command->run(Object(Symfony\Component\Console\Input\ArrayInput), Object(Symfony\Component\Console\Output\ConsoleOutput))
#17 /www/gabblr/api/vendor/laravel/framework/src/Illuminate/Database/Console/Migrations/RefreshCommand.php(40): Illuminate\Console\Command->call('migrate:reset', Array)
#18 /www/gabblr/api/vendor/laravel/framework/src/Illuminate/Console/Command.php(112): Illuminate\Database\Console\Migrations\RefreshCommand->fire()
#19 /www/gabblr/api/vendor/symfony/console/Symfony/Component/Console/Command/Command.php(253): Illuminate\Console\Command->execute(Object(Symfony\Component\Console\Input\ArgvInput), Object(Symfony\Component\Console\Output\ConsoleOutput))
#20 /www/gabblr/api/vendor/laravel/framework/src/Illuminate/Console/Command.php(100): Symfony\Component\Console\Command\Command->run(Object(Symfony\Component\Console\Input\ArgvInput), Object(Symfony\Component\Console\Output\ConsoleOutput))
#21 /www/gabblr/api/vendor/symfony/console/Symfony/Component/Console/Application.php(889): Illuminate\Console\Command->run(Object(Symfony\Component\Console\Input\ArgvInput), Object(Symfony\Component\Console\Output\ConsoleOutput))
#22 /www/gabblr/api/vendor/symfony/console/Symfony/Component/Console/Application.php(193): Symfony\Component\Console\Application->doRunCommand(Object(Illuminate\Database\Console\Migrations\RefreshCommand), Object(Symfony\Component\Console\Input\ArgvInput), Object(Symfony\Component\Console\Output\ConsoleOutput))
#23 /www/gabblr/api/vendor/symfony/console/Symfony/Component/Console/Application.php(124): Symfony\Component\Console\Application->doRun(Object(Symfony\Component\Console\Input\ArgvInput), Object(Symfony\Component\Console\Output\ConsoleOutput))
#24 /www/gabblr/api/artisan(59): Symfony\Component\Console\Application->run()
#25 {main}

Next exception 'Illuminate\Database\QueryException' with message 'SQLSTATE[23000]: Integrity constraint violation: 1217 Cannot delete or update a parent row: a foreign key constraint fails (SQL: drop table `users`)' in /www/gabblr/api/vendor/laravel/framework/src/Illuminate/Database/Connection.php:625
Stack trace:
#0 /www/gabblr/api/vendor/laravel/framework/src/Illuminate/Database/Connection.php(581): Illuminate\Database\Connection->runQueryCallback('drop table `use...', Array, Object(Closure))
#1 /www/gabblr/api/vendor/laravel/framework/src/Illuminate/Database/Connection.php(370): Illuminate\Database\Connection->run('drop table `use...', Array, Object(Closure))
#2 /www/gabblr/api/vendor/laravel/framework/src/Illuminate/Database/Schema/Blueprint.php(63): Illuminate\Database\Connection->statement('drop table `use...')
#3 /www/gabblr/api/vendor/laravel/framework/src/Illuminate/Database/Schema/Builder.php(169): Illuminate\Database\Schema\Blueprint->build(Object(Illuminate\Database\MySqlConnection), Object(Illuminate\Database\Schema\Grammars\MySqlGrammar))
#4 /www/gabblr/api/vendor/laravel/framework/src/Illuminate/Database/Schema/Builder.php(127): Illuminate\Database\Schema\Builder->build(Object(Illuminate\Database\Schema\Blueprint))
#5 /www/gabblr/api/vendor/laravel/framework/src/Illuminate/Support/Facades/Facade.php(208): Illuminate\Database\Schema\Builder->drop('users')
#6 /www/gabblr/api/app/database/migrations/2014_08_21_030604_create_users_table.php(35): Illuminate\Support\Facades\Facade::__callStatic('drop', Array)
#7 /www/gabblr/api/app/database/migrations/2014_08_21_030604_create_users_table.php(35): Illuminate\Support\Facades\Schema::drop('users')
#8 /www/gabblr/api/vendor/laravel/framework/src/Illuminate/Database/Migrations/Migrator.php(199): CreateUsersTable->down()
#9 /www/gabblr/api/vendor/laravel/framework/src/Illuminate/Database/Migrations/Migrator.php(172): Illuminate\Database\Migrations\Migrator->runDown(Object(stdClass), false)
#10 /www/gabblr/api/vendor/laravel/framework/src/Illuminate/Database/Console/Migrations/ResetCommand.php(61): Illuminate\Database\Migrations\Migrator->rollback(false)
#11 /www/gabblr/api/vendor/laravel/framework/src/Illuminate/Console/Command.php(112): Illuminate\Database\Console\Migrations\ResetCommand->fire()
#12 /www/gabblr/api/vendor/symfony/console/Symfony/Component/Console/Command/Command.php(253): Illuminate\Console\Command->execute(Object(Symfony\Component\Console\Input\ArrayInput), Object(Symfony\Component\Console\Output\ConsoleOutput))
#13 /www/gabblr/api/vendor/laravel/framework/src/Illuminate/Console/Command.php(100): Symfony\Component\Console\Command\Command->run(Object(Symfony\Component\Console\Input\ArrayInput), Object(Symfony\Component\Console\Output\ConsoleOutput))
#14 /www/gabblr/api/vendor/laravel/framework/src/Illuminate/Console/Command.php(128): Illuminate\Console\Command->run(Object(Symfony\Component\Console\Input\ArrayInput), Object(Symfony\Component\Console\Output\ConsoleOutput))
#15 /www/gabblr/api/vendor/laravel/framework/src/Illuminate/Database/Console/Migrations/RefreshCommand.php(40): Illuminate\Console\Command->call('migrate:reset', Array)
#16 /www/gabblr/api/vendor/laravel/framework/src/Illuminate/Console/Command.php(112): Illuminate\Database\Console\Migrations\RefreshCommand->fire()
#17 /www/gabblr/api/vendor/symfony/console/Symfony/Component/Console/Command/Command.php(253): Illuminate\Console\Command->execute(Object(Symfony\Component\Console\Input\ArgvInput), Object(Symfony\Component\Console\Output\ConsoleOutput))
#18 /www/gabblr/api/vendor/laravel/framework/src/Illuminate/Console/Command.php(100): Symfony\Component\Console\Command\Command->run(Object(Symfony\Component\Console\Input\ArgvInput), Object(Symfony\Component\Console\Output\ConsoleOutput))
#19 /www/gabblr/api/vendor/symfony/console/Symfony/Component/Console/Application.php(889): Illuminate\Console\Command->run(Object(Symfony\Component\Console\Input\ArgvInput), Object(Symfony\Component\Console\Output\ConsoleOutput))
#20 /www/gabblr/api/vendor/symfony/console/Symfony/Component/Console/Application.php(193): Symfony\Component\Console\Application->doRunCommand(Object(Illuminate\Database\Console\Migrations\RefreshCommand), Object(Symfony\Component\Console\Input\ArgvInput), Object(Symfony\Component\Console\Output\ConsoleOutput))
#21 /www/gabblr/api/vendor/symfony/console/Symfony/Component/Console/Application.php(124): Symfony\Component\Console\Application->doRun(Object(Symfony\Component\Console\Input\ArgvInput), Object(Symfony\Component\Console\Output\ConsoleOutput))
#22 /www/gabblr/api/artisan(59): Symfony\Component\Console\Application->run()
#23 {main} [] []
[2015-02-09 20:41:31] production.ERROR: exception 'RuntimeException' with message 'Too many arguments.' in /www/gabblr/api/vendor/symfony/console/Symfony/Component/Console/Input/ArgvInput.php:181
Stack trace:
#0 /www/gabblr/api/vendor/symfony/console/Symfony/Component/Console/Input/ArgvInput.php(90): Symfony\Component\Console\Input\ArgvInput->parseArgument('reset')
#1 /www/gabblr/api/vendor/symfony/console/Symfony/Component/Console/Input/Input.php(61): Symfony\Component\Console\Input\ArgvInput->parse()
#2 /www/gabblr/api/vendor/symfony/console/Symfony/Component/Console/Command/Command.php(225): Symfony\Component\Console\Input\Input->bind(Object(Symfony\Component\Console\Input\InputDefinition))
#3 /www/gabblr/api/vendor/laravel/framework/src/Illuminate/Console/Command.php(100): Symfony\Component\Console\Command\Command->run(Object(Symfony\Component\Console\Input\ArgvInput), Object(Symfony\Component\Console\Output\ConsoleOutput))
#4 /www/gabblr/api/vendor/symfony/console/Symfony/Component/Console/Application.php(889): Illuminate\Console\Command->run(Object(Symfony\Component\Console\Input\ArgvInput), Object(Symfony\Component\Console\Output\ConsoleOutput))
#5 /www/gabblr/api/vendor/symfony/console/Symfony/Component/Console/Application.php(193): Symfony\Component\Console\Application->doRunCommand(Object(Illuminate\Database\Console\Migrations\MigrateCommand), Object(Symfony\Component\Console\Input\ArgvInput), Object(Symfony\Component\Console\Output\ConsoleOutput))
#6 /www/gabblr/api/vendor/symfony/console/Symfony/Component/Console/Application.php(124): Symfony\Component\Console\Application->doRun(Object(Symfony\Component\Console\Input\ArgvInput), Object(Symfony\Component\Console\Output\ConsoleOutput))
#7 /www/gabblr/api/artisan(59): Symfony\Component\Console\Application->run()
#8 {main} [] []
[2015-02-09 20:41:35] production.ERROR: exception 'RuntimeException' with message 'Too many arguments.' in /www/gabblr/api/vendor/symfony/console/Symfony/Component/Console/Input/ArgvInput.php:181
Stack trace:
#0 /www/gabblr/api/vendor/symfony/console/Symfony/Component/Console/Input/ArgvInput.php(90): Symfony\Component\Console\Input\ArgvInput->parseArgument('reset')
#1 /www/gabblr/api/vendor/symfony/console/Symfony/Component/Console/Input/Input.php(61): Symfony\Component\Console\Input\ArgvInput->parse()
#2 /www/gabblr/api/vendor/symfony/console/Symfony/Component/Console/Command/Command.php(225): Symfony\Component\Console\Input\Input->bind(Object(Symfony\Component\Console\Input\InputDefinition))
#3 /www/gabblr/api/vendor/laravel/framework/src/Illuminate/Console/Command.php(100): Symfony\Component\Console\Command\Command->run(Object(Symfony\Component\Console\Input\ArgvInput), Object(Symfony\Component\Console\Output\ConsoleOutput))
#4 /www/gabblr/api/vendor/symfony/console/Symfony/Component/Console/Application.php(889): Illuminate\Console\Command->run(Object(Symfony\Component\Console\Input\ArgvInput), Object(Symfony\Component\Console\Output\ConsoleOutput))
#5 /www/gabblr/api/vendor/symfony/console/Symfony/Component/Console/Application.php(193): Symfony\Component\Console\Application->doRunCommand(Object(Illuminate\Database\Console\Migrations\MigrateCommand), Object(Symfony\Component\Console\Input\ArgvInput), Object(Symfony\Component\Console\Output\ConsoleOutput))
#6 /www/gabblr/api/vendor/symfony/console/Symfony/Component/Console/Application.php(124): Symfony\Component\Console\Application->doRun(Object(Symfony\Component\Console\Input\ArgvInput), Object(Symfony\Component\Console\Output\ConsoleOutput))
#7 /www/gabblr/api/artisan(59): Symfony\Component\Console\Application->run()
#8 {main} [] []
[2015-02-09 20:41:39] production.ERROR: exception 'PDOException' with message 'SQLSTATE[23000]: Integrity constraint violation: 1217 Cannot delete or update a parent row: a foreign key constraint fails' in /www/gabblr/api/vendor/laravel/framework/src/Illuminate/Database/Connection.php:369
Stack trace:
#0 /www/gabblr/api/vendor/laravel/framework/src/Illuminate/Database/Connection.php(369): PDOStatement->execute(Array)
#1 /www/gabblr/api/vendor/laravel/framework/src/Illuminate/Database/Connection.php(617): Illuminate\Database\Connection->Illuminate\Database\{closure}(Object(Illuminate\Database\MySqlConnection), 'drop table `use...', Array)
#2 /www/gabblr/api/vendor/laravel/framework/src/Illuminate/Database/Connection.php(581): Illuminate\Database\Connection->runQueryCallback('drop table `use...', Array, Object(Closure))
#3 /www/gabblr/api/vendor/laravel/framework/src/Illuminate/Database/Connection.php(370): Illuminate\Database\Connection->run('drop table `use...', Array, Object(Closure))
#4 /www/gabblr/api/vendor/laravel/framework/src/Illuminate/Database/Schema/Blueprint.php(63): Illuminate\Database\Connection->statement('drop table `use...')
#5 /www/gabblr/api/vendor/laravel/framework/src/Illuminate/Database/Schema/Builder.php(169): Illuminate\Database\Schema\Blueprint->build(Object(Illuminate\Database\MySqlConnection), Object(Illuminate\Database\Schema\Grammars\MySqlGrammar))
#6 /www/gabblr/api/vendor/laravel/framework/src/Illuminate/Database/Schema/Builder.php(127): Illuminate\Database\Schema\Builder->build(Object(Illuminate\Database\Schema\Blueprint))
#7 /www/gabblr/api/vendor/laravel/framework/src/Illuminate/Support/Facades/Facade.php(208): Illuminate\Database\Schema\Builder->drop('users')
#8 /www/gabblr/api/app/database/migrations/2014_08_21_030604_create_users_table.php(35): Illuminate\Support\Facades\Facade::__callStatic('drop', Array)
#9 /www/gabblr/api/app/database/migrations/2014_08_21_030604_create_users_table.php(35): Illuminate\Support\Facades\Schema::drop('users')
#10 /www/gabblr/api/vendor/laravel/framework/src/Illuminate/Database/Migrations/Migrator.php(199): CreateUsersTable->down()
#11 /www/gabblr/api/vendor/laravel/framework/src/Illuminate/Database/Migrations/Migrator.php(172): Illuminate\Database\Migrations\Migrator->runDown(Object(stdClass), false)
#12 /www/gabblr/api/vendor/laravel/framework/src/Illuminate/Database/Console/Migrations/ResetCommand.php(61): Illuminate\Database\Migrations\Migrator->rollback(false)
#13 /www/gabblr/api/vendor/laravel/framework/src/Illuminate/Console/Command.php(112): Illuminate\Database\Console\Migrations\ResetCommand->fire()
#14 /www/gabblr/api/vendor/symfony/console/Symfony/Component/Console/Command/Command.php(253): Illuminate\Console\Command->execute(Object(Symfony\Component\Console\Input\ArgvInput), Object(Symfony\Component\Console\Output\ConsoleOutput))
#15 /www/gabblr/api/vendor/laravel/framework/src/Illuminate/Console/Command.php(100): Symfony\Component\Console\Command\Command->run(Object(Symfony\Component\Console\Input\ArgvInput), Object(Symfony\Component\Console\Output\ConsoleOutput))
#16 /www/gabblr/api/vendor/symfony/console/Symfony/Component/Console/Application.php(889): Illuminate\Console\Command->run(Object(Symfony\Component\Console\Input\ArgvInput), Object(Symfony\Component\Console\Output\ConsoleOutput))
#17 /www/gabblr/api/vendor/symfony/console/Symfony/Component/Console/Application.php(193): Symfony\Component\Console\Application->doRunCommand(Object(Illuminate\Database\Console\Migrations\ResetCommand), Object(Symfony\Component\Console\Input\ArgvInput), Object(Symfony\Component\Console\Output\ConsoleOutput))
#18 /www/gabblr/api/vendor/symfony/console/Symfony/Component/Console/Application.php(124): Symfony\Component\Console\Application->doRun(Object(Symfony\Component\Console\Input\ArgvInput), Object(Symfony\Component\Console\Output\ConsoleOutput))
#19 /www/gabblr/api/artisan(59): Symfony\Component\Console\Application->run()
#20 {main}

Next exception 'Illuminate\Database\QueryException' with message 'SQLSTATE[23000]: Integrity constraint violation: 1217 Cannot delete or update a parent row: a foreign key constraint fails (SQL: drop table `users`)' in /www/gabblr/api/vendor/laravel/framework/src/Illuminate/Database/Connection.php:625
Stack trace:
#0 /www/gabblr/api/vendor/laravel/framework/src/Illuminate/Database/Connection.php(581): Illuminate\Database\Connection->runQueryCallback('drop table `use...', Array, Object(Closure))
#1 /www/gabblr/api/vendor/laravel/framework/src/Illuminate/Database/Connection.php(370): Illuminate\Database\Connection->run('drop table `use...', Array, Object(Closure))
#2 /www/gabblr/api/vendor/laravel/framework/src/Illuminate/Database/Schema/Blueprint.php(63): Illuminate\Database\Connection->statement('drop table `use...')
#3 /www/gabblr/api/vendor/laravel/framework/src/Illuminate/Database/Schema/Builder.php(169): Illuminate\Database\Schema\Blueprint->build(Object(Illuminate\Database\MySqlConnection), Object(Illuminate\Database\Schema\Grammars\MySqlGrammar))
#4 /www/gabblr/api/vendor/laravel/framework/src/Illuminate/Database/Schema/Builder.php(127): Illuminate\Database\Schema\Builder->build(Object(Illuminate\Database\Schema\Blueprint))
#5 /www/gabblr/api/vendor/laravel/framework/src/Illuminate/Support/Facades/Facade.php(208): Illuminate\Database\Schema\Builder->drop('users')
#6 /www/gabblr/api/app/database/migrations/2014_08_21_030604_create_users_table.php(35): Illuminate\Support\Facades\Facade::__callStatic('drop', Array)
#7 /www/gabblr/api/app/database/migrations/2014_08_21_030604_create_users_table.php(35): Illuminate\Support\Facades\Schema::drop('users')
#8 /www/gabblr/api/vendor/laravel/framework/src/Illuminate/Database/Migrations/Migrator.php(199): CreateUsersTable->down()
#9 /www/gabblr/api/vendor/laravel/framework/src/Illuminate/Database/Migrations/Migrator.php(172): Illuminate\Database\Migrations\Migrator->runDown(Object(stdClass), false)
#10 /www/gabblr/api/vendor/laravel/framework/src/Illuminate/Database/Console/Migrations/ResetCommand.php(61): Illuminate\Database\Migrations\Migrator->rollback(false)
#11 /www/gabblr/api/vendor/laravel/framework/src/Illuminate/Console/Command.php(112): Illuminate\Database\Console\Migrations\ResetCommand->fire()
#12 /www/gabblr/api/vendor/symfony/console/Symfony/Component/Console/Command/Command.php(253): Illuminate\Console\Command->execute(Object(Symfony\Component\Console\Input\ArgvInput), Object(Symfony\Component\Console\Output\ConsoleOutput))
#13 /www/gabblr/api/vendor/laravel/framework/src/Illuminate/Console/Command.php(100): Symfony\Component\Console\Command\Command->run(Object(Symfony\Component\Console\Input\ArgvInput), Object(Symfony\Component\Console\Output\ConsoleOutput))
#14 /www/gabblr/api/vendor/symfony/console/Symfony/Component/Console/Application.php(889): Illuminate\Console\Command->run(Object(Symfony\Component\Console\Input\ArgvInput), Object(Symfony\Component\Console\Output\ConsoleOutput))
#15 /www/gabblr/api/vendor/symfony/console/Symfony/Component/Console/Application.php(193): Symfony\Component\Console\Application->doRunCommand(Object(Illuminate\Database\Console\Migrations\ResetCommand), Object(Symfony\Component\Console\Input\ArgvInput), Object(Symfony\Component\Console\Output\ConsoleOutput))
#16 /www/gabblr/api/vendor/symfony/console/Symfony/Component/Console/Application.php(124): Symfony\Component\Console\Application->doRun(Object(Symfony\Component\Console\Input\ArgvInput), Object(Symfony\Component\Console\Output\ConsoleOutput))
#17 /www/gabblr/api/artisan(59): Symfony\Component\Console\Application->run()
#18 {main} [] []
[2015-02-09 20:43:23] production.ERROR: exception 'ErrorException' with message 'Missing argument 1 for CreateGabsTable::up(), called in /www/gabblr/api/vendor/laravel/framework/src/Illuminate/Database/Migrations/Migrator.php on line 135 and defined' in /www/gabblr/api/app/database/migrations/2015_02_09_200953_create_gabs_table.php:13
Stack trace:
#0 /www/gabblr/api/app/database/migrations/2015_02_09_200953_create_gabs_table.php(13): Illuminate\Exception\Handler->handleError(2, 'Missing argumen...', '/www/gabblr/api...', 13, Array)
#1 /www/gabblr/api/vendor/laravel/framework/src/Illuminate/Database/Migrations/Migrator.php(135): CreateGabsTable->up()
#2 /www/gabblr/api/vendor/laravel/framework/src/Illuminate/Database/Migrations/Migrator.php(111): Illuminate\Database\Migrations\Migrator->runUp('2015_02_09_2009...', 1, false)
#3 /www/gabblr/api/vendor/laravel/framework/src/Illuminate/Database/Migrations/Migrator.php(82): Illuminate\Database\Migrations\Migrator->runMigrationList(Array, false)
#4 /www/gabblr/api/vendor/laravel/framework/src/Illuminate/Database/Console/Migrations/MigrateCommand.php(70): Illuminate\Database\Migrations\Migrator->run('/www/gabblr/api...', false)
#5 /www/gabblr/api/vendor/laravel/framework/src/Illuminate/Console/Command.php(112): Illuminate\Database\Console\Migrations\MigrateCommand->fire()
#6 /www/gabblr/api/vendor/symfony/console/Symfony/Component/Console/Command/Command.php(253): Illuminate\Console\Command->execute(Object(Symfony\Component\Console\Input\ArgvInput), Object(Symfony\Component\Console\Output\ConsoleOutput))
#7 /www/gabblr/api/vendor/laravel/framework/src/Illuminate/Console/Command.php(100): Symfony\Component\Console\Command\Command->run(Object(Symfony\Component\Console\Input\ArgvInput), Object(Symfony\Component\Console\Output\ConsoleOutput))
#8 /www/gabblr/api/vendor/symfony/console/Symfony/Component/Console/Application.php(889): Illuminate\Console\Command->run(Object(Symfony\Component\Console\Input\ArgvInput), Object(Symfony\Component\Console\Output\ConsoleOutput))
#9 /www/gabblr/api/vendor/symfony/console/Symfony/Component/Console/Application.php(193): Symfony\Component\Console\Application->doRunCommand(Object(Illuminate\Database\Console\Migrations\MigrateCommand), Object(Symfony\Component\Console\Input\ArgvInput), Object(Symfony\Component\Console\Output\ConsoleOutput))
#10 /www/gabblr/api/vendor/symfony/console/Symfony/Component/Console/Application.php(124): Symfony\Component\Console\Application->doRun(Object(Symfony\Component\Console\Input\ArgvInput), Object(Symfony\Component\Console\Output\ConsoleOutput))
#11 /www/gabblr/api/artisan(59): Symfony\Component\Console\Application->run()
#12 {main} [] []
